<?xml version="1.0" encoding="UTF-8"?>
<testng-results ignored="4" total="5" passed="1" failed="0" skipped="0">
  <reporter-output>
  </reporter-output>
  <suite started-at="2023-05-15T14:04:51 IST" name="Default suite" finished-at="2023-05-15T14:05:07 IST" duration-ms="15390">
    <groups>
    </groups>
    <test started-at="2023-05-15T14:04:51 IST" name="Default test" finished-at="2023-05-15T14:05:07 IST" duration-ms="15390">
      <class name="Test_ng.class02">
        <test-method is-config="true" signature="GetUrl()[pri:0, instance:Test_ng.class02@8f4ea7c]" started-at="2023-05-15T14:04:52 IST" name="GetUrl" finished-at="2023-05-15T14:05:04 IST" duration-ms="12092" status="PASS">
          <reporter-output>
          </reporter-output>
        </test-method> <!-- GetUrl -->
        <test-method signature="InvalidPassword()[pri:0, instance:Test_ng.class02@8f4ea7c]" started-at="2023-05-15T14:05:04 IST" name="InvalidPassword" finished-at="2023-05-15T14:05:06 IST" duration-ms="2812" status="PASS">
          <reporter-output>
          </reporter-output>
        </test-method> <!-- InvalidPassword -->
        <test-method is-config="true" signature="End()[pri:0, instance:Test_ng.class02@8f4ea7c]" started-at="2023-05-15T14:05:06 IST" name="End" finished-at="2023-05-15T14:05:07 IST" duration-ms="391" status="PASS">
          <reporter-output>
          </reporter-output>
        </test-method> <!-- End -->
      </class> <!-- Test_ng.class02 -->
    </test> <!-- Default test -->
  </suite> <!-- Default suite -->
</testng-results>
