<?xml version="1.0" encoding="UTF-8"?>
<!-- Generated by org.testng.reporters.JUnitXMLReporter -->
<testsuite ignored="4" hostname="LAPTOP-QHM9BDJJ" failures="0" tests="1" name="Default test" time="15.39" errors="0" timestamp="2023-05-15T14:05:07 IST">
  <testcase classname="Test_ng.class02" name="InvalidPassword" time="2.812"/>
  <testcase classname="Test_ng.class02" name="InvalidUserName" time="0.0">
    <ignored/>
  </testcase> <!-- InvalidUserName -->
  <testcase classname="Test_ng.class02" name="Logout" time="0.0">
    <ignored/>
  </testcase> <!-- Logout -->
  <testcase classname="Test_ng.class02" name="ValidCredentials" time="0.0">
    <ignored/>
  </testcase> <!-- ValidCredentials -->
  <testcase classname="Test_ng.class02" name="AddingtheEmployee" time="0.0">
    <ignored/>
  </testcase> <!-- AddingtheEmployee -->
</testsuite> <!-- Default test -->
